<?xml version="1.0" encoding="UTF-8"?>
<!-- Generated by org.testng.reporters.JUnitReportReporter -->
<testsuite hostname="DESKTOP-21G44T2" failures="0" tests="2" name="com.mystore.testcases.SearchResultPageTest" time="51.935" errors="0" timestamp="2024-05-18T17:36:59 IST" skipped="0">
  <testcase classname="com.mystore.testcases.SearchResultPageTest" name="clickonproduct" time="27.471"/>
  <testcase classname="com.mystore.testcases.SearchResultPageTest" name="productavailabilitytest" time="24.464"/>
</testsuite> <!-- com.mystore.testcases.SearchResultPageTest -->
