<?xml version="1.0" encoding="UTF-8"?>
<!-- Generated by org.testng.reporters.JUnitReportReporter -->
<testsuite hostname="DESKTOP-21G44T2" failures="0" tests="2" name="com.mystore.testcases.HomePageTest" time="32.983" errors="0" timestamp="2024-05-18T17:36:59 IST" skipped="0">
  <testcase classname="com.mystore.testcases.HomePageTest" name="validateorderhistorytest" time="13.897"/>
  <testcase classname="com.mystore.testcases.HomePageTest" name="validateaddresstest" time="19.086"/>
</testsuite> <!-- com.mystore.testcases.HomePageTest -->
