<?xml version="1.0" encoding="UTF-8"?>
<!-- Generated by org.testng.reporters.JUnitReportReporter -->
<testsuite hostname="DESKTOP-21G44T2" failures="0" tests="1" name="com.mystore.testcases.AccountCreationPageTest" time="19.325" errors="0" timestamp="2024-05-08T14:41:28 IST" skipped="0">
  <testcase classname="com.mystore.testcases.AccountCreationPageTest" name="verifycreateaccountpagetest" time="19.325"/>
</testsuite> <!-- com.mystore.testcases.AccountCreationPageTest -->
