<?xml version="1.0" encoding="UTF-8"?>
<!-- Generated by org.testng.reporters.JUnitReportReporter -->
<testsuite hostname="DESKTOP-21G44T2" failures="0" tests="1" name="com.mystore.testcases.LoginPageTest" time="35.717" errors="0" timestamp="2024-05-18T17:36:59 IST" skipped="0">
  <testcase classname="com.mystore.testcases.LoginPageTest" name="LoginTest" time="35.717"/>
</testsuite> <!-- com.mystore.testcases.LoginPageTest -->
