<?xml version="1.0" encoding="UTF-8"?>
<!-- Generated by org.testng.reporters.JUnitReportReporter -->
<testsuite hostname="DESKTOP-21G44T2" failures="0" tests="1" name="com.mystore.testcases.EndToEndTest" time="67.891" errors="0" timestamp="2024-05-18T12:36:19 IST" skipped="0">
  <testcase classname="com.mystore.testcases.EndToEndTest" name="endtoendtest" time="67.891"/>
</testsuite> <!-- com.mystore.testcases.EndToEndTest -->
